
[CORE] Starting N4D ...
[CORE] Loading custom variables...
	 /usr/share/n4d/xmlrpc-server/custom-variables/u4d.py ...
		OK
[CORE] Loading post init custom variables...
	 /usr/share/n4d/xmlrpc-server/post-init-custom-variables/llxvars_wrapper.py ...
		OK
[CORE] Loading installed plugins...
	[Dnsmasq] /usr/share/n4d/python-plugins/DnsmasqManager.py ...
	[LliureXLTSP] /usr/share/n4d/python-plugins/lliurex-ltsp.py ...
	[LliurexVersion] /usr/share/n4d/python-plugins/LliurexVersion.py ...
	[MountManager] /usr/share/n4d/python-plugins/MountManager.py ...
	[NetworkManager] /usr/share/n4d/python-plugins/NetworkManager.py ...
	[SendFile] /usr/share/n4d/python-plugins/SendFile.py ...
	[SocketManager] /usr/share/n4d/python-plugins/SocketManager.py ...
	[VariablesManager] /usr/share/n4d/python-plugins/VariablesManager.py ...
	[VariablesManager] Loading SRV_NAME ... OK
	[VariablesManager] Loading INTERNAL_NETWORK ... OK
	[VariablesManager] Loading HOSTNAME ... OK
	[VariablesManager] Loading DHCP_HOST_MAX ... OK
	[VariablesManager] Loading MIRROR_LAST_UPDATE ... OK
	[VariablesManager] Loading INTERNAL_INTERFACE ... OK
	[VariablesManager] Loading DNS_HOSTNAME_PREFIX ... OK
	[VariablesManager] Loading DHCP_ENABLE ... OK
	[VariablesManager] Loading DHCP_LEASE_TIME ... OK
	[VariablesManager] Loading DHCP_FIRST_IP ... OK
	[VariablesManager] Loading DNS_UNREG_HOSTNAME_PREFIX ... OK
	[VariablesManager] Loading INTERNAL_DOMAIN ... OK
	[VariablesManager] Loading INTERNAL_MASK ... OK
	[VariablesManager] Loading DNS_EXTERNAL ... OK
	[VariablesManager] Loading DHCP_DENY_UNKNOWN_CLIENTS ... OK
	[VariablesManager] Loading UNREG_HOSTNAME_PREFIX ... OK
	[VariablesManager] Loading MIRROR_ENABLED ... OK
	[VariablesManager] Loading DHCP_LAST_IP ... OK
	[VariablesManager] Loading HOSTNAME_PREFIX ... OK
	[VariablesManager] Loading INT_DOMAIN ... OK
	[VariablesManager] Loading SRV_IP ... OK
	[LliurexMirror] /usr/share/n4d/binary-plugins/lliurex_mirror_non_gtk ...
	[LliurexUp] /usr/share/n4d/binary-plugins/lliurex_up ...
	[LtspClientConfig] /usr/share/n4d/python-plugins/ltsp_client_conf.py ...
*
{"mac":"08:00:27:d3:f4:10","fat":"true","name":"pajarito","desc":"tralari","session":"lxde","monitor":"auto","autologin":"checked","username":"pajarito","userpass":"tralari"}
!
*
{"mac":"A1:B1:C2:D4:E5:F6","fat":"false","name":"n1","desc":"desc1","session":"gnome","monitor":"auto","autologin":"unchecked","username":"","userpass":""}
!
*
{"mac":"B1:B1:C2:D4:E5:F6","fat":"false","name":"","desc":"","session":"gnome","monitor":"auto","autologin":"checked","username":"user","userpass":"123"}
!
{"clients":[{"mac":"08:00:27:d3:f4:10","fat":"true","name":"pajarito","desc":"tralari","session":"lxde","monitor":"auto","autologin":"checked","username":"pajarito","userpass":"tralari"},{"mac":"A1:B1:C2:D4:E5:F6","fat":"false","name":"n1","desc":"desc1","session":"gnome","monitor":"auto","autologin":"unchecked","username":"","userpass":""},{"mac":"B1:B1:C2:D4:E5:F6","fat":"false","name":"","desc":"","session":"gnome","monitor":"auto","autologin":"checked","username":"user","userpass":"123"}]}
	[Hostname] /usr/share/n4d/python-plugins/hostname.py ...
	[LtspChroot] /usr/share/n4d/python-plugins/ltsp_chroot.py ...
	[LTSPClipboard] /usr/share/n4d/python-plugins/ltsp_clipboard.py ...
	[LtspImage] /usr/share/n4d/python-plugins/ltsp_images.py ...
	[N4dRemoteLog] /usr/share/n4d/python-plugins/N4dRemoteLog.py ...
[CORE] STARTUP
	[STARTUP] Executing NetworkManager with options {'boot': False, 'controlled': False} ...
	[STARTUP] Executing VariablesManager with options {'boot': False, 'controlled': False} ...
	[STARTUP] Executing LtspImage with options {'boot': False, 'controlled': False} ...
	[STARTUP] Executing Dnsmasq with options {'boot': False, 'controlled': False} ...
	[STARTUP] Executing Hostname with options {'boot': False, 'controlled': False} ...
	[STARTUP] Executing LtspChroot with options {'boot': False, 'controlled': False} ...
Serving HTTPS on 0.0.0.0 port 9779
server starting; hit CTRL-C to quit...

[anonymous@127.0.0.1] Execution of method [get_variable] from class VariablesM